E:\CIS200-FALL2016-AALRIKABI\PROJECT 3_REV1\HEADER ONLY\CONSOLEAPPLICATION1\ONLYLIBRARY\DEBUG\TREKWARS.OBJ
E:\CIS200-FALL2016-AALRIKABI\PROJECT 3_REV1\HEADER ONLY\CONSOLEAPPLICATION1\ONLYLIBRARY\DEBUG\VC110.PDB
E:\CIS200-FALL2016-AALRIKABI\PROJECT 3_REV1\HEADER ONLY\CONSOLEAPPLICATION1\DEBUG\ONLYLIBRARY.ILK
E:\CIS200-FALL2016-AALRIKABI\PROJECT 3_REV1\HEADER ONLY\CONSOLEAPPLICATION1\DEBUG\ONLYLIBRARY.EXE
E:\CIS200-FALL2016-AALRIKABI\PROJECT 3_REV1\HEADER ONLY\CONSOLEAPPLICATION1\DEBUG\ONLYLIBRARY.PDB
E:\CIS200-Fall2016-aalrikabi\Project 3_rev1\header only\ConsoleApplication1\onlylibrary\Debug\TrekWars.obj
E:\CIS200-Fall2016-aalrikabi\Project 3_rev1\header only\ConsoleApplication1\onlylibrary\Debug\cl.command.1.tlog
E:\CIS200-Fall2016-aalrikabi\Project 3_rev1\header only\ConsoleApplication1\onlylibrary\Debug\CL.read.1.tlog
E:\CIS200-Fall2016-aalrikabi\Project 3_rev1\header only\ConsoleApplication1\onlylibrary\Debug\CL.write.1.tlog
E:\CIS200-Fall2016-aalrikabi\Project 3_rev1\header only\ConsoleApplication1\onlylibrary\Debug\link-cvtres.read.1.tlog
E:\CIS200-Fall2016-aalrikabi\Project 3_rev1\header only\ConsoleApplication1\onlylibrary\Debug\link-cvtres.write.1.tlog
E:\CIS200-Fall2016-aalrikabi\Project 3_rev1\header only\ConsoleApplication1\onlylibrary\Debug\link-rc.read.1.tlog
E:\CIS200-Fall2016-aalrikabi\Project 3_rev1\header only\ConsoleApplication1\onlylibrary\Debug\link-rc.write.1.tlog
E:\CIS200-Fall2016-aalrikabi\Project 3_rev1\header only\ConsoleApplication1\onlylibrary\Debug\link.2464-cvtres.read.1.tlog
E:\CIS200-Fall2016-aalrikabi\Project 3_rev1\header only\ConsoleApplication1\onlylibrary\Debug\link.2464-cvtres.write.1.tlog
E:\CIS200-Fall2016-aalrikabi\Project 3_rev1\header only\ConsoleApplication1\onlylibrary\Debug\link.2464-rc.read.1.tlog
E:\CIS200-Fall2016-aalrikabi\Project 3_rev1\header only\ConsoleApplication1\onlylibrary\Debug\link.2464-rc.write.1.tlog
E:\CIS200-Fall2016-aalrikabi\Project 3_rev1\header only\ConsoleApplication1\onlylibrary\Debug\link.2464.read.1.tlog
E:\CIS200-Fall2016-aalrikabi\Project 3_rev1\header only\ConsoleApplication1\onlylibrary\Debug\link.2464.write.1.tlog
E:\CIS200-Fall2016-aalrikabi\Project 3_rev1\header only\ConsoleApplication1\onlylibrary\Debug\link.4768-cvtres.read.1.tlog
E:\CIS200-Fall2016-aalrikabi\Project 3_rev1\header only\ConsoleApplication1\onlylibrary\Debug\link.4768-cvtres.write.1.tlog
E:\CIS200-Fall2016-aalrikabi\Project 3_rev1\header only\ConsoleApplication1\onlylibrary\Debug\link.4768-rc.read.1.tlog
E:\CIS200-Fall2016-aalrikabi\Project 3_rev1\header only\ConsoleApplication1\onlylibrary\Debug\link.4768-rc.write.1.tlog
E:\CIS200-Fall2016-aalrikabi\Project 3_rev1\header only\ConsoleApplication1\onlylibrary\Debug\link.4768.read.1.tlog
E:\CIS200-Fall2016-aalrikabi\Project 3_rev1\header only\ConsoleApplication1\onlylibrary\Debug\link.4768.write.1.tlog
E:\CIS200-Fall2016-aalrikabi\Project 3_rev1\header only\ConsoleApplication1\onlylibrary\Debug\link.command.1.tlog
E:\CIS200-Fall2016-aalrikabi\Project 3_rev1\header only\ConsoleApplication1\onlylibrary\Debug\link.read.1.tlog
E:\CIS200-Fall2016-aalrikabi\Project 3_rev1\header only\ConsoleApplication1\onlylibrary\Debug\link.write.1.tlog
E:\CIS200-Fall2016-aalrikabi\Project 3_rev1\header only\ConsoleApplication1\onlylibrary\Debug\vc110.idb
E:\CIS200-Fall2016-aalrikabi\Project 3_rev1\header only\ConsoleApplication1\onlylibrary\Debug\vc110.pdb
E:\CIS200-Fall2016-aalrikabi\Project 3_rev1\header only\ConsoleApplication1\Debug\onlylibrary.pdb
E:\CIS200-Fall2016-aalrikabi\Project 3_rev1\header only\ConsoleApplication1\Debug\onlylibrary.exe
E:\CIS200-Fall2016-aalrikabi\Project 3_rev1\header only\ConsoleApplication1\Debug\onlylibrary.ilk
